32 1
36 1
37 1
39 1
41 1
42 1
48 1
50 1
55 1
57 1
59 1
62 1
63 1
68 1
69 1
73 1
76 1
77 1
78 1
79 1
81 1
83 1
86 1
87 1
88 1
91 1
34 2
44 2
45 2
61 2
74 2
84 2
85 2
89 2
96 2
60 3
46 4

33 1
35 1
37 1
38 1
42 1
49 1
51 1
52 1
61 1
63 1
69 1
71 1
80 1
81 1
82 1
84 1
85 1
88 1
89 1
90 1
91 1
95 1
36 2
44 2
46 2
50 2
53 2
56 2
66 2
83 2
87 2
96 2
58 3
73 3
86 3

41 1
44 1
49 1
50 1
51 1
52 1
54 1
56 1
58 1
60 1
61 1
63 1
73 1
74 1
76 1
77 1
79 1
87 1
92 1
95 1
35 2
36 2
39 2
43 2
64 2
67 2
71 2
83 2
86 2
89 2
90 2
48 3
55 3
84 3

34 1
43 1
45 1
46 1
53 1
61 1
64 1
65 1
69 1
70 1
71 1
76 1
78 1
79 1
81 1
84 1
87 1
90 1
91 1
92 1
93 1
95 1
96 1
48 2
51 2
52 2
54 2
60 2
68 2
72 2
73 2
82 2
85 2
94 2
37 3
66 3

32 1
34 1
43 1
45 1
47 1
49 1
50 1
51 1
54 1
56 1
58 1
61 1
62 1
64 1
70 1
71 1
72 1
76 1
78 1
79 1
82 1
85 1
87 1
90 1
95 1
33 2
37 2
38 2
39 2
46 2
57 2
68 2
69 2
77 2
86 2
59 3
80 3

33 1
34 1
39 1
43 1
45 1
46 1
50 1
54 1
55 1
56 1
61 1
62 1
66 1
69 1
72 1
74 1
77 1
78 1
80 1
81 1
86 1
89 1
93 1
37 2
48 2
49 2
60 2
67 2
75 2
90 2
94 2
32 3
40 3
79 3
85 3
